

================================================================
== Vitis HLS Report for 'FFT_Pipeline_VITIS_LOOP_68_2'
================================================================
* Date:           Fri Feb  4 03:54:35 2022

* Version:        2021.2 (Build 3367213 on Tue Oct 19 02:47:39 MDT 2021)
* Project:        fft_32
* Solution:       solution1 (Vivado IP Flow Target)
* Product family: zynq
* Target device:  xc7z010-clg400-1


================================================================
== Performance Estimates
================================================================
+ Timing: 
    * Summary: 
    +--------+----------+----------+------------+
    |  Clock |  Target  | Estimated| Uncertainty|
    +--------+----------+----------+------------+
    |ap_clk  |  10.00 ns|  3.413 ns|     2.70 ns|
    +--------+----------+----------+------------+

+ Latency: 
    * Summary: 
    +---------+---------+----------+----------+-----+-----+---------+
    |  Latency (cycles) |  Latency (absolute) |  Interval | Pipeline|
    |   min   |   max   |    min   |    max   | min | max |   Type  |
    +---------+---------+----------+----------+-----+-----+---------+
    |       34|       34|  0.340 us|  0.340 us|   34|   34|       no|
    +---------+---------+----------+----------+-----+-----+---------+

    + Detail: 
        * Instance: 
        N/A

        * Loop: 
        +-------------------+---------+---------+----------+-----------+-----------+------+----------+
        |                   |  Latency (cycles) | Iteration|  Initiation Interval  | Trip |          |
        |     Loop Name     |   min   |   max   |  Latency |  achieved |   target  | Count| Pipelined|
        +-------------------+---------+---------+----------+-----------+-----------+------+----------+
        |- VITIS_LOOP_68_2  |       32|       32|         2|          1|          1|    32|       yes|
        +-------------------+---------+---------+----------+-----------+-----------+------+----------+



================================================================
== Utilization Estimates
================================================================
* Summary: 
+-----------------+---------+----+-------+-------+-----+
|       Name      | BRAM_18K| DSP|   FF  |  LUT  | URAM|
+-----------------+---------+----+-------+-------+-----+
|DSP              |        -|   -|      -|      -|    -|
|Expression       |        -|   -|      0|     28|    -|
|FIFO             |        -|   -|      -|      -|    -|
|Instance         |        -|   -|      -|      -|    -|
|Memory           |        -|   -|      -|      -|    -|
|Multiplexer      |        -|   -|      -|     45|    -|
|Register         |        -|   -|      9|      -|    -|
+-----------------+---------+----+-------+-------+-----+
|Total            |        0|   0|      9|     73|    0|
+-----------------+---------+----+-------+-------+-----+
|Available        |      120|  80|  35200|  17600|    0|
+-----------------+---------+----+-------+-------+-----+
|Utilization (%)  |        0|   0|     ~0|     ~0|    0|
+-----------------+---------+----+-------+-------+-----+

+ Detail: 
    * Instance: 
    N/A

    * DSP: 
    N/A

    * Memory: 
    N/A

    * FIFO: 
    N/A

    * Expression: 
    +---------------------------+----------+----+---+----+------------+------------+
    |       Variable Name       | Operation| DSP| FF| LUT| Bitwidth P0| Bitwidth P1|
    +---------------------------+----------+----+---+----+------------+------------+
    |add_ln68_fu_95_p2          |         +|   0|  0|  14|           6|           1|
    |ap_block_pp0_stage0_01001  |       and|   0|  0|   2|           1|           1|
    |icmp_ln68_fu_89_p2         |      icmp|   0|  0|  10|           6|           7|
    |ap_enable_pp0              |       xor|   0|  0|   2|           1|           2|
    +---------------------------+----------+----+---+----+------------+------------+
    |Total                      |          |   0|  0|  28|          14|          11|
    +---------------------------+----------+----+---+----+------------+------------+

    * Multiplexer: 
    +-------------------------+----+-----------+-----+-----------+
    |           Name          | LUT| Input Size| Bits| Total Bits|
    +-------------------------+----+-----------+-----+-----------+
    |ap_done_int              |   9|          2|    1|          2|
    |ap_enable_reg_pp0_iter1  |   9|          2|    1|          2|
    |ap_sig_allocacmp_i_2     |   9|          2|    6|         12|
    |data_OUT_TDATA_blk_n     |   9|          2|    1|          2|
    |i_fu_44                  |   9|          2|    6|         12|
    +-------------------------+----+-----------+-----+-----------+
    |Total                    |  45|         10|   15|         30|
    +-------------------------+----+-----------+-----+-----------+

    * Register: 
    +-------------------------+---+----+-----+-----------+
    |           Name          | FF| LUT| Bits| Const Bits|
    +-------------------------+---+----+-----+-----------+
    |ap_CS_fsm                |  1|   0|    1|          0|
    |ap_done_reg              |  1|   0|    1|          0|
    |ap_enable_reg_pp0_iter1  |  1|   0|    1|          0|
    |i_fu_44                  |  6|   0|    6|          0|
    +-------------------------+---+----+-----+-----------+
    |Total                    |  9|   0|    9|          0|
    +-------------------------+---+----+-----+-----------+



================================================================
== Interface
================================================================
* Summary: 
+------------------------+-----+-----+------------+------------------------------+--------------+
|        RTL Ports       | Dir | Bits|  Protocol  |         Source Object        |    C Type    |
+------------------------+-----+-----+------------+------------------------------+--------------+
|ap_clk                  |   in|    1|  ap_ctrl_hs|  FFT_Pipeline_VITIS_LOOP_68_2|  return value|
|ap_rst                  |   in|    1|  ap_ctrl_hs|  FFT_Pipeline_VITIS_LOOP_68_2|  return value|
|ap_start                |   in|    1|  ap_ctrl_hs|  FFT_Pipeline_VITIS_LOOP_68_2|  return value|
|ap_done                 |  out|    1|  ap_ctrl_hs|  FFT_Pipeline_VITIS_LOOP_68_2|  return value|
|ap_idle                 |  out|    1|  ap_ctrl_hs|  FFT_Pipeline_VITIS_LOOP_68_2|  return value|
|ap_ready                |  out|    1|  ap_ctrl_hs|  FFT_Pipeline_VITIS_LOOP_68_2|  return value|
|data_OUT_TREADY         |   in|    1|        axis|                      data_OUT|       pointer|
|data_OUT_TDATA          |  out|   32|        axis|                      data_OUT|       pointer|
|data_OUT_TVALID         |  out|    1|        axis|                      data_OUT|       pointer|
|xout_M_real_V_address0  |  out|    5|   ap_memory|                 xout_M_real_V|         array|
|xout_M_real_V_ce0       |  out|    1|   ap_memory|                 xout_M_real_V|         array|
|xout_M_real_V_q0        |   in|   16|   ap_memory|                 xout_M_real_V|         array|
|xout_M_imag_V_address0  |  out|    5|   ap_memory|                 xout_M_imag_V|         array|
|xout_M_imag_V_ce0       |  out|    1|   ap_memory|                 xout_M_imag_V|         array|
|xout_M_imag_V_q0        |   in|   16|   ap_memory|                 xout_M_imag_V|         array|
+------------------------+-----+-----+------------+------------------------------+--------------+

