

================================================================
== Vitis HLS Report for 'FFT0_1_Pipeline_FFT_label1'
================================================================
* Date:           Fri Feb  4 03:54:34 2022

* Version:        2021.2 (Build 3367213 on Tue Oct 19 02:47:39 MDT 2021)
* Project:        fft_32
* Solution:       solution1 (Vivado IP Flow Target)
* Product family: zynq
* Target device:  xc7z010-clg400-1


================================================================
== Performance Estimates
================================================================
+ Timing: 
    * Summary: 
    +--------+----------+----------+------------+
    |  Clock |  Target  | Estimated| Uncertainty|
    +--------+----------+----------+------------+
    |ap_clk  |  10.00 ns|  6.771 ns|     2.70 ns|
    +--------+----------+----------+------------+

+ Latency: 
    * Summary: 
    +---------+---------+----------+----------+-----+-----+---------+
    |  Latency (cycles) |  Latency (absolute) |  Interval | Pipeline|
    |   min   |   max   |    min   |    max   | min | max |   Type  |
    +---------+---------+----------+----------+-----+-----+---------+
    |       39|       39|  0.390 us|  0.390 us|   39|   39|       no|
    +---------+---------+----------+----------+-----+-----+---------+

    + Detail: 
        * Instance: 
        N/A

        * Loop: 
        +--------------+---------+---------+----------+-----------+-----------+------+----------+
        |              |  Latency (cycles) | Iteration|  Initiation Interval  | Trip |          |
        |   Loop Name  |   min   |   max   |  Latency |  achieved |   target  | Count| Pipelined|
        +--------------+---------+---------+----------+-----------+-----------+------+----------+
        |- FFT_label1  |       37|       37|         8|          2|          1|    16|       yes|
        +--------------+---------+---------+----------+-----------+-----------+------+----------+

============================================================
+ Verbose Summary: Synthesis Manager
============================================================
InlineROM: 1
ExposeGlobal: 0
============================================================
+ Verbose Summary: CDFG Model
============================================================
IsTopModel: 0
ResetActiveHigh: 1
IsCombinational: 0
IsDatapathOnly: 0
HasWiredReturn: 1
HasMFsm: 2
HasVarLatency: 1
IsPipeline: 0
IsRtlPipelined: 0
IsInstanceOverlapped: 0
IsDontTouch: 0
HasImplIP: 0
IsGatedGlobalClock: 0

+ Individual pipeline summary: 
  * Pipeline-0: initiation interval (II) = 2, depth = 9


============================================================
+ Verbose Summary: Schedule
============================================================
* Number of FSM states : 9
* Pipeline : 1
  Pipeline-0 : II = 2, D = 9, States = { 1 2 3 4 5 6 7 8 9 }
* Dataflow Pipeline: 0

* FSM state transitions: 
1 --> 2 
2 --> 3 
3 --> 4 
4 --> 5 
5 --> 6 
6 --> 7 
7 --> 8 
8 --> 9 
9 --> 

* FSM state operations: 

State 1 <SV = 0> <Delay = 1.58>
ST_1 : Operation 11 [1/1] (0.00ns)   --->   "%butterfly_span = alloca i32 1"   --->   Operation 11 'alloca' 'butterfly_span' <Predicate = true> <Delay = 0.00>
ST_1 : Operation 12 [1/1] (0.00ns)   --->   "%butterfly_pass = alloca i32 1"   --->   Operation 12 'alloca' 'butterfly_pass' <Predicate = true> <Delay = 0.00>
ST_1 : Operation 13 [1/1] (0.00ns)   --->   "%i = alloca i32 1"   --->   Operation 13 'alloca' 'i' <Predicate = true> <Delay = 0.00>
ST_1 : Operation 14 [1/1] (0.00ns)   --->   "%zext_ln26_read = read i4 @_ssdm_op_Read.ap_auto.i4, i4 %zext_ln26"   --->   Operation 14 'read' 'zext_ln26_read' <Predicate = true> <Delay = 0.00>
ST_1 : Operation 15 [1/1] (0.00ns)   --->   "%sub_cast_read = read i4 @_ssdm_op_Read.ap_auto.i4, i4 %sub_cast"   --->   Operation 15 'read' 'sub_cast_read' <Predicate = true> <Delay = 0.00>
ST_1 : Operation 16 [1/1] (0.00ns)   --->   "%FFT_stage_offset_cast_read = read i4 @_ssdm_op_Read.ap_auto.i4, i4 %FFT_stage_offset_cast"   --->   Operation 16 'read' 'FFT_stage_offset_cast_read' <Predicate = true> <Delay = 0.00>
ST_1 : Operation 17 [1/1] (0.00ns)   --->   "%pass_shift_offset_cast_read = read i3 @_ssdm_op_Read.ap_auto.i3, i3 %pass_shift_offset_cast"   --->   Operation 17 'read' 'pass_shift_offset_cast_read' <Predicate = true> <Delay = 0.00>
ST_1 : Operation 18 [1/1] (0.00ns)   --->   "%index_shift_offset_cast_read = read i3 @_ssdm_op_Read.ap_auto.i3, i3 %index_shift_offset_cast"   --->   Operation 18 'read' 'index_shift_offset_cast_read' <Predicate = true> <Delay = 0.00>
ST_1 : Operation 19 [1/1] (0.00ns)   --->   "%zext_ln26_cast = zext i4 %zext_ln26_read"   --->   Operation 19 'zext' 'zext_ln26_cast' <Predicate = true> <Delay = 0.00>
ST_1 : Operation 20 [1/1] (0.00ns)   --->   "%sub_cast_cast = zext i4 %sub_cast_read"   --->   Operation 20 'zext' 'sub_cast_cast' <Predicate = true> <Delay = 0.00>
ST_1 : Operation 21 [1/1] (0.00ns)   --->   "%FFT_stage_offset_cast_cast = zext i4 %FFT_stage_offset_cast_read"   --->   Operation 21 'zext' 'FFT_stage_offset_cast_cast' <Predicate = true> <Delay = 0.00>
ST_1 : Operation 22 [1/1] (0.00ns)   --->   "%pass_shift_offset_cast_cast = zext i3 %pass_shift_offset_cast_read"   --->   Operation 22 'zext' 'pass_shift_offset_cast_cast' <Predicate = true> <Delay = 0.00>
ST_1 : Operation 23 [1/1] (0.00ns)   --->   "%index_shift_offset_cast_cast = zext i3 %index_shift_offset_cast_read"   --->   Operation 23 'zext' 'index_shift_offset_cast_cast' <Predicate = true> <Delay = 0.00>
ST_1 : Operation 24 [1/1] (1.58ns)   --->   "%store_ln0 = store i5 0, i5 %i"   --->   Operation 24 'store' 'store_ln0' <Predicate = true> <Delay = 1.58>
ST_1 : Operation 25 [1/1] (1.58ns)   --->   "%store_ln0 = store i32 0, i32 %butterfly_pass"   --->   Operation 25 'store' 'store_ln0' <Predicate = true> <Delay = 1.58>
ST_1 : Operation 26 [1/1] (1.58ns)   --->   "%store_ln0 = store i32 0, i32 %butterfly_span"   --->   Operation 26 'store' 'store_ln0' <Predicate = true> <Delay = 1.58>
ST_1 : Operation 27 [1/1] (0.00ns)   --->   "%br_ln0 = br void %_ZN13ap_fixed_baseILi16ELi8ELb1EL9ap_q_mode5EL9ap_o_mode3ELi0EEmIILi16ELi8ELb1ELS0_5ELS1_3ELi0EEERS2_RKS_IXT_EXT0_EXT1_EXT2_EXT3_EXT4_EE.exit.i.i"   --->   Operation 27 'br' 'br_ln0' <Predicate = true> <Delay = 0.00>

State 2 <SV = 1> <Delay = 4.99>
ST_2 : Operation 28 [1/1] (0.00ns)   --->   "%i_5 = load i5 %i" [../vhls/fixed/fft.cpp:26]   --->   Operation 28 'load' 'i_5' <Predicate = true> <Delay = 0.00>
ST_2 : Operation 29 [1/1] (0.00ns)   --->   "%specpipeline_ln0 = specpipeline void @_ssdm_op_SpecPipeline, i32 4294967295, i32 0, i32 1, i32 0, void @p_str"   --->   Operation 29 'specpipeline' 'specpipeline_ln0' <Predicate = true> <Delay = 0.00>
ST_2 : Operation 30 [1/1] (1.36ns)   --->   "%icmp_ln26 = icmp_eq  i5 %i_5, i5 16" [../vhls/fixed/fft.cpp:26]   --->   Operation 30 'icmp' 'icmp_ln26' <Predicate = true> <Delay = 1.36> <CoreInst = "Cmp">   --->   Core 9 'Cmp' <Latency = 0> <II = 1> <Delay = 2.47> <FuncUnit> <Opcode : 'icmp'> <InPorts = 2> <OutPorts = 1>
ST_2 : Operation 31 [1/1] (0.00ns)   --->   "%empty = speclooptripcount i32 @_ssdm_op_SpecLoopTripCount, i64 16, i64 16, i64 16"   --->   Operation 31 'speclooptripcount' 'empty' <Predicate = true> <Delay = 0.00>
ST_2 : Operation 32 [1/1] (1.78ns)   --->   "%i_6 = add i5 %i_5, i5 1" [../vhls/fixed/fft.cpp:26]   --->   Operation 32 'add' 'i_6' <Predicate = true> <Delay = 1.78> <CoreInst = "Adder">   --->   Core 1 'Adder' <Latency = 0> <II = 1> <Delay = 2.55> <FuncUnit> <Opcode : 'add' 'sub'> <InPorts = 2> <OutPorts = 1>
ST_2 : Operation 33 [1/1] (0.00ns)   --->   "%br_ln26 = br i1 %icmp_ln26, void %_ZN13ap_fixed_baseILi16ELi8ELb1EL9ap_q_mode5EL9ap_o_mode3ELi0EEmIILi16ELi8ELb1ELS0_5ELS1_3ELi0EEERS2_RKS_IXT_EXT0_EXT1_EXT2_EXT3_EXT4_EE.exit.i.i.split_ifconv, void %.exitStub" [../vhls/fixed/fft.cpp:26]   --->   Operation 33 'br' 'br_ln26' <Predicate = true> <Delay = 0.00>
ST_2 : Operation 34 [1/1] (0.00ns)   --->   "%butterfly_span_load = load i32 %butterfly_span"   --->   Operation 34 'load' 'butterfly_span_load' <Predicate = (!icmp_ln26)> <Delay = 0.00>
ST_2 : Operation 35 [1/1] (0.00ns)   --->   "%empty_20 = trunc i32 %butterfly_span_load"   --->   Operation 35 'trunc' 'empty_20' <Predicate = (!icmp_ln26)> <Delay = 0.00>
ST_2 : Operation 36 [1/1] (2.66ns)   --->   "%index = shl i5 %empty_20, i5 %index_shift_offset_cast_cast" [../vhls/fixed/fft.cpp:27]   --->   Operation 36 'shl' 'index' <Predicate = (!icmp_ln26)> <Delay = 2.66> <CoreInst = "Shifter">   --->   Core 75 'Shifter' <Latency = 0> <II = 1> <Delay = 2.66> <FuncUnit> <Opcode : 'shl' 'lshr' 'ashr'> <InPorts = 2> <OutPorts = 1>
ST_2 : Operation 37 [1/1] (0.00ns)   --->   "%zext_ln30 = zext i5 %index" [../vhls/fixed/fft.cpp:30]   --->   Operation 37 'zext' 'zext_ln30' <Predicate = (!icmp_ln26)> <Delay = 0.00>
ST_2 : Operation 38 [1/1] (0.00ns)   --->   "%p_x_M_real_V = getelementptr i10 %W_M_real_V, i64 0, i64 %zext_ln30" [../vhls/fixed/fft.cpp:30]   --->   Operation 38 'getelementptr' 'p_x_M_real_V' <Predicate = (!icmp_ln26)> <Delay = 0.00>
ST_2 : Operation 39 [2/2] (2.32ns)   --->   "%r_V = load i4 %p_x_M_real_V"   --->   Operation 39 'load' 'r_V' <Predicate = (!icmp_ln26)> <Delay = 2.32> <CoreInst = "ROM">   --->   Core 95 'ROM' <Latency = 1> <II = 1> <Delay = 2.32> <Storage> <Opcode : 'load'> <Ports = 0> <Width = 10> <Depth = 16> <ROM>
ST_2 : Operation 40 [1/1] (2.47ns)   --->   "%icmp_ln33 = icmp_slt  i32 %butterfly_span_load, i32 %sub_cast_cast" [../vhls/fixed/fft.cpp:33]   --->   Operation 40 'icmp' 'icmp_ln33' <Predicate = (!icmp_ln26)> <Delay = 2.47> <CoreInst = "Cmp">   --->   Core 9 'Cmp' <Latency = 0> <II = 1> <Delay = 2.47> <FuncUnit> <Opcode : 'icmp'> <InPorts = 2> <OutPorts = 1>
ST_2 : Operation 41 [1/1] (2.55ns)   --->   "%butterfly_span_3 = add i32 %butterfly_span_load, i32 1" [../vhls/fixed/fft.cpp:34]   --->   Operation 41 'add' 'butterfly_span_3' <Predicate = (!icmp_ln26)> <Delay = 2.55> <CoreInst = "Adder">   --->   Core 1 'Adder' <Latency = 0> <II = 1> <Delay = 2.55> <FuncUnit> <Opcode : 'add' 'sub'> <InPorts = 2> <OutPorts = 1>
ST_2 : Operation 42 [1/1] (0.69ns)   --->   "%butterfly_span_4 = select i1 %icmp_ln33, i32 %butterfly_span_3, i32 0" [../vhls/fixed/fft.cpp:33]   --->   Operation 42 'select' 'butterfly_span_4' <Predicate = (!icmp_ln26)> <Delay = 0.69> <CoreInst = "Sel">   --->   Core 73 'Sel' <Latency = 0> <II = 1> <Delay = 0.69> <FuncUnit> <Opcode : 'select'> <InPorts = 3> <OutPorts = 1>
ST_2 : Operation 43 [1/1] (1.58ns)   --->   "%store_ln26 = store i5 %i_6, i5 %i" [../vhls/fixed/fft.cpp:26]   --->   Operation 43 'store' 'store_ln26' <Predicate = (!icmp_ln26)> <Delay = 1.58>
ST_2 : Operation 44 [1/1] (1.58ns)   --->   "%store_ln33 = store i32 %butterfly_span_4, i32 %butterfly_span" [../vhls/fixed/fft.cpp:33]   --->   Operation 44 'store' 'store_ln33' <Predicate = (!icmp_ln26)> <Delay = 1.58>

State 3 <SV = 2> <Delay = 6.77>
ST_3 : Operation 45 [1/1] (0.00ns)   --->   "%butterfly_pass_load = load i32 %butterfly_pass"   --->   Operation 45 'load' 'butterfly_pass_load' <Predicate = (!icmp_ln26)> <Delay = 0.00>
ST_3 : Operation 46 [1/1] (0.00ns) (grouped into LUT with out node Ulimit)   --->   "%empty_19 = trunc i32 %butterfly_pass_load"   --->   Operation 46 'trunc' 'empty_19' <Predicate = (!icmp_ln26)> <Delay = 0.00>
ST_3 : Operation 47 [1/1] (0.00ns) (grouped into LUT with out node Ulimit)   --->   "%shl_ln28 = shl i5 %empty_19, i5 %pass_shift_offset_cast_cast" [../vhls/fixed/fft.cpp:28]   --->   Operation 47 'shl' 'shl_ln28' <Predicate = (!icmp_ln26)> <Delay = 0.00> <CoreInst = "Shifter">   --->   Core 75 'Shifter' <Latency = 0> <II = 1> <Delay = 2.66> <FuncUnit> <Opcode : 'shl' 'lshr' 'ashr'> <InPorts = 2> <OutPorts = 1>
ST_3 : Operation 48 [1/1] (2.66ns) (out node of the LUT)   --->   "%Ulimit = add i5 %empty_20, i5 %shl_ln28" [../vhls/fixed/fft.cpp:28]   --->   Operation 48 'add' 'Ulimit' <Predicate = (!icmp_ln26)> <Delay = 2.66> <CoreInst = "Adder">   --->   Core 1 'Adder' <Latency = 0> <II = 1> <Delay = 2.55> <FuncUnit> <Opcode : 'add' 'sub'> <InPorts = 2> <OutPorts = 1>
ST_3 : Operation 49 [1/1] (1.78ns)   --->   "%Llimit = add i5 %Ulimit, i5 %FFT_stage_offset_cast_cast" [../vhls/fixed/fft.cpp:29]   --->   Operation 49 'add' 'Llimit' <Predicate = (!icmp_ln26)> <Delay = 1.78> <CoreInst = "Adder">   --->   Core 1 'Adder' <Latency = 0> <II = 1> <Delay = 2.55> <FuncUnit> <Opcode : 'add' 'sub'> <InPorts = 2> <OutPorts = 1>
ST_3 : Operation 50 [1/1] (0.00ns)   --->   "%zext_ln30_1 = zext i5 %Llimit" [../vhls/fixed/fft.cpp:30]   --->   Operation 50 'zext' 'zext_ln30_1' <Predicate = (!icmp_ln26)> <Delay = 0.00>
ST_3 : Operation 51 [1/2] (2.32ns)   --->   "%r_V = load i4 %p_x_M_real_V"   --->   Operation 51 'load' 'r_V' <Predicate = (!icmp_ln26)> <Delay = 2.32> <CoreInst = "ROM">   --->   Core 95 'ROM' <Latency = 1> <II = 1> <Delay = 2.32> <Storage> <Opcode : 'load'> <Ports = 0> <Width = 10> <Depth = 16> <ROM>
ST_3 : Operation 52 [1/1] (0.00ns)   --->   "%data_IN_M_real_0_0_0_addr = getelementptr i16 %data_IN_M_real_0_0_0, i64 0, i64 %zext_ln30_1"   --->   Operation 52 'getelementptr' 'data_IN_M_real_0_0_0_addr' <Predicate = (!icmp_ln26)> <Delay = 0.00>
ST_3 : Operation 53 [2/2] (2.32ns)   --->   "%data_IN_M_real_0_0_0_load = load i5 %data_IN_M_real_0_0_0_addr"   --->   Operation 53 'load' 'data_IN_M_real_0_0_0_load' <Predicate = (!icmp_ln26)> <Delay = 2.32> <CoreInst = "RAM">   --->   Core 82 'RAM' <Latency = 1> <II = 1> <Delay = 2.32> <Storage> <Opcode : 'load' 'store'> <Ports = 2> <Width = 16> <Depth = 32> <RAM>
ST_3 : Operation 54 [1/1] (0.00ns)   --->   "%data_IN_M_imag_0_0_0_addr = getelementptr i16 %data_IN_M_imag_0_0_0, i64 0, i64 %zext_ln30_1"   --->   Operation 54 'getelementptr' 'data_IN_M_imag_0_0_0_addr' <Predicate = (!icmp_ln26)> <Delay = 0.00>
ST_3 : Operation 55 [2/2] (2.32ns)   --->   "%data_IN_M_imag_0_0_0_load = load i5 %data_IN_M_imag_0_0_0_addr"   --->   Operation 55 'load' 'data_IN_M_imag_0_0_0_load' <Predicate = (!icmp_ln26)> <Delay = 2.32> <CoreInst = "RAM">   --->   Core 82 'RAM' <Latency = 1> <II = 1> <Delay = 2.32> <Storage> <Opcode : 'load' 'store'> <Ports = 2> <Width = 16> <Depth = 32> <RAM>
ST_3 : Operation 56 [1/1] (2.47ns)   --->   "%icmp_ln35 = icmp_slt  i32 %butterfly_pass_load, i32 %zext_ln26_cast" [../vhls/fixed/fft.cpp:35]   --->   Operation 56 'icmp' 'icmp_ln35' <Predicate = (!icmp_ln26 & !icmp_ln33)> <Delay = 2.47> <CoreInst = "Cmp">   --->   Core 9 'Cmp' <Latency = 0> <II = 1> <Delay = 2.47> <FuncUnit> <Opcode : 'icmp'> <InPorts = 2> <OutPorts = 1>
ST_3 : Operation 57 [1/1] (2.55ns)   --->   "%butterfly_pass_1 = add i32 %butterfly_pass_load, i32 1" [../vhls/fixed/fft.cpp:36]   --->   Operation 57 'add' 'butterfly_pass_1' <Predicate = (!icmp_ln26 & !icmp_ln33)> <Delay = 2.55> <CoreInst = "Adder">   --->   Core 1 'Adder' <Latency = 0> <II = 1> <Delay = 2.55> <FuncUnit> <Opcode : 'add' 'sub'> <InPorts = 2> <OutPorts = 1>
ST_3 : Operation 58 [1/1] (0.00ns) (grouped into LUT with out node butterfly_pass_3)   --->   "%butterfly_pass_2 = select i1 %icmp_ln35, i32 %butterfly_pass_1, i32 0" [../vhls/fixed/fft.cpp:35]   --->   Operation 58 'select' 'butterfly_pass_2' <Predicate = (!icmp_ln26 & !icmp_ln33)> <Delay = 0.00> <CoreInst = "Sel">   --->   Core 73 'Sel' <Latency = 0> <II = 1> <Delay = 0.69> <FuncUnit> <Opcode : 'select'> <InPorts = 3> <OutPorts = 1>
ST_3 : Operation 59 [1/1] (0.69ns) (out node of the LUT)   --->   "%butterfly_pass_3 = select i1 %icmp_ln33, i32 %butterfly_pass_load, i32 %butterfly_pass_2" [../vhls/fixed/fft.cpp:33]   --->   Operation 59 'select' 'butterfly_pass_3' <Predicate = (!icmp_ln26)> <Delay = 0.69> <CoreInst = "Sel">   --->   Core 73 'Sel' <Latency = 0> <II = 1> <Delay = 0.69> <FuncUnit> <Opcode : 'select'> <InPorts = 3> <OutPorts = 1>
ST_3 : Operation 60 [1/1] (1.58ns)   --->   "%store_ln33 = store i32 %butterfly_pass_3, i32 %butterfly_pass" [../vhls/fixed/fft.cpp:33]   --->   Operation 60 'store' 'store_ln33' <Predicate = (!icmp_ln26)> <Delay = 1.58>

State 4 <SV = 3> <Delay = 4.47>
ST_4 : Operation 61 [1/1] (0.00ns)   --->   "%p_x_M_imag_V = getelementptr i9 %W_M_imag_V, i64 0, i64 %zext_ln30" [../vhls/fixed/fft.cpp:30]   --->   Operation 61 'getelementptr' 'p_x_M_imag_V' <Predicate = true> <Delay = 0.00>
ST_4 : Operation 62 [2/2] (2.32ns)   --->   "%r_V_2 = load i4 %p_x_M_imag_V"   --->   Operation 62 'load' 'r_V_2' <Predicate = true> <Delay = 2.32> <CoreInst = "ROM">   --->   Core 95 'ROM' <Latency = 1> <II = 1> <Delay = 2.32> <Storage> <Opcode : 'load'> <Ports = 0> <Width = 9> <Depth = 16> <ROM>
ST_4 : Operation 63 [1/2] (2.32ns)   --->   "%data_IN_M_real_0_0_0_load = load i5 %data_IN_M_real_0_0_0_addr"   --->   Operation 63 'load' 'data_IN_M_real_0_0_0_load' <Predicate = true> <Delay = 2.32> <CoreInst = "RAM">   --->   Core 82 'RAM' <Latency = 1> <II = 1> <Delay = 2.32> <Storage> <Opcode : 'load' 'store'> <Ports = 2> <Width = 16> <Depth = 32> <RAM>
ST_4 : Operation 64 [1/1] (0.00ns)   --->   "%sext_ln1171 = sext i16 %data_IN_M_real_0_0_0_load"   --->   Operation 64 'sext' 'sext_ln1171' <Predicate = true> <Delay = 0.00>
ST_4 : Operation 65 [1/1] (0.00ns)   --->   "%sext_ln1171_1 = sext i10 %r_V"   --->   Operation 65 'sext' 'sext_ln1171_1' <Predicate = true> <Delay = 0.00>
ST_4 : Operation 66 [1/2] (2.32ns)   --->   "%data_IN_M_imag_0_0_0_load = load i5 %data_IN_M_imag_0_0_0_addr"   --->   Operation 66 'load' 'data_IN_M_imag_0_0_0_load' <Predicate = true> <Delay = 2.32> <CoreInst = "RAM">   --->   Core 82 'RAM' <Latency = 1> <II = 1> <Delay = 2.32> <Storage> <Opcode : 'load' 'store'> <Ports = 2> <Width = 16> <Depth = 32> <RAM>
ST_4 : Operation 67 [1/1] (0.00ns)   --->   "%sext_ln1171_2 = sext i16 %data_IN_M_imag_0_0_0_load"   --->   Operation 67 'sext' 'sext_ln1171_2' <Predicate = true> <Delay = 0.00>
ST_4 : Operation 68 [4/4] (2.15ns) (root node of the DSP)   --->   "%mul_ln712 = mul i24 %sext_ln1171, i24 %sext_ln1171_1"   --->   Operation 68 'mul' 'mul_ln712' <Predicate = true> <Delay = 2.15> <CoreInst = "DSP48">   --->   Core 119 'DSP48' <Latency = 3> <II = 1> <Delay = 2.15> <IPBlock> <Opcode : 'mul' 'add' 'sub' 'select'> <InPorts = 0> <OutPorts = 1> <Sync> <CReg>
ST_4 : Operation 69 [4/4] (2.15ns) (root node of the DSP)   --->   "%mul_ln712_1 = mul i24 %sext_ln1171_2, i24 %sext_ln1171_1"   --->   Operation 69 'mul' 'mul_ln712_1' <Predicate = true> <Delay = 2.15> <CoreInst = "DSP48">   --->   Core 119 'DSP48' <Latency = 3> <II = 1> <Delay = 2.15> <IPBlock> <Opcode : 'mul' 'add' 'sub' 'select'> <InPorts = 0> <OutPorts = 1> <Sync> <CReg>

State 5 <SV = 4> <Delay = 3.37>
ST_5 : Operation 70 [1/2] (2.32ns)   --->   "%r_V_2 = load i4 %p_x_M_imag_V"   --->   Operation 70 'load' 'r_V_2' <Predicate = true> <Delay = 2.32> <CoreInst = "ROM">   --->   Core 95 'ROM' <Latency = 1> <II = 1> <Delay = 2.32> <Storage> <Opcode : 'load'> <Ports = 0> <Width = 9> <Depth = 16> <ROM>
ST_5 : Operation 71 [1/1] (0.00ns)   --->   "%sext_ln1171_3 = sext i9 %r_V_2"   --->   Operation 71 'sext' 'sext_ln1171_3' <Predicate = true> <Delay = 0.00>
ST_5 : Operation 72 [3/4] (2.15ns) (root node of the DSP)   --->   "%mul_ln712 = mul i24 %sext_ln1171, i24 %sext_ln1171_1"   --->   Operation 72 'mul' 'mul_ln712' <Predicate = true> <Delay = 2.15> <CoreInst = "DSP48">   --->   Core 119 'DSP48' <Latency = 3> <II = 1> <Delay = 2.15> <IPBlock> <Opcode : 'mul' 'add' 'sub' 'select'> <InPorts = 0> <OutPorts = 1> <Sync> <CReg>
ST_5 : Operation 73 [3/3] (1.05ns) (grouped into DSP with root node ret_V)   --->   "%mul_ln1246 = mul i24 %sext_ln1171_2, i24 %sext_ln1171_3"   --->   Operation 73 'mul' 'mul_ln1246' <Predicate = true> <Delay = 1.05> <CoreInst = "DSP48">   --->   Core 119 'DSP48' <Latency = 3> <II = 1> <Delay = 2.15> <IPBlock> <Opcode : 'mul' 'add' 'sub' 'select'> <InPorts = 0> <OutPorts = 1> <Sync> <CReg>
ST_5 : Operation 74 [3/4] (2.15ns) (root node of the DSP)   --->   "%mul_ln712_1 = mul i24 %sext_ln1171_2, i24 %sext_ln1171_1"   --->   Operation 74 'mul' 'mul_ln712_1' <Predicate = true> <Delay = 2.15> <CoreInst = "DSP48">   --->   Core 119 'DSP48' <Latency = 3> <II = 1> <Delay = 2.15> <IPBlock> <Opcode : 'mul' 'add' 'sub' 'select'> <InPorts = 0> <OutPorts = 1> <Sync> <CReg>
ST_5 : Operation 75 [3/3] (1.05ns) (grouped into DSP with root node ret_V_2)   --->   "%mul_ln1245 = mul i24 %sext_ln1171, i24 %sext_ln1171_3"   --->   Operation 75 'mul' 'mul_ln1245' <Predicate = true> <Delay = 1.05> <CoreInst = "DSP48">   --->   Core 119 'DSP48' <Latency = 3> <II = 1> <Delay = 2.15> <IPBlock> <Opcode : 'mul' 'add' 'sub' 'select'> <InPorts = 0> <OutPorts = 1> <Sync> <CReg>

State 6 <SV = 5> <Delay = 2.15>
ST_6 : Operation 76 [2/4] (2.15ns) (root node of the DSP)   --->   "%mul_ln712 = mul i24 %sext_ln1171, i24 %sext_ln1171_1"   --->   Operation 76 'mul' 'mul_ln712' <Predicate = true> <Delay = 2.15> <CoreInst = "DSP48">   --->   Core 119 'DSP48' <Latency = 3> <II = 1> <Delay = 2.15> <IPBlock> <Opcode : 'mul' 'add' 'sub' 'select'> <InPorts = 0> <OutPorts = 1> <Sync> <CReg>
ST_6 : Operation 77 [2/3] (1.05ns) (grouped into DSP with root node ret_V)   --->   "%mul_ln1246 = mul i24 %sext_ln1171_2, i24 %sext_ln1171_3"   --->   Operation 77 'mul' 'mul_ln1246' <Predicate = true> <Delay = 1.05> <CoreInst = "DSP48">   --->   Core 119 'DSP48' <Latency = 3> <II = 1> <Delay = 2.15> <IPBlock> <Opcode : 'mul' 'add' 'sub' 'select'> <InPorts = 0> <OutPorts = 1> <Sync> <CReg>
ST_6 : Operation 78 [2/4] (2.15ns) (root node of the DSP)   --->   "%mul_ln712_1 = mul i24 %sext_ln1171_2, i24 %sext_ln1171_1"   --->   Operation 78 'mul' 'mul_ln712_1' <Predicate = true> <Delay = 2.15> <CoreInst = "DSP48">   --->   Core 119 'DSP48' <Latency = 3> <II = 1> <Delay = 2.15> <IPBlock> <Opcode : 'mul' 'add' 'sub' 'select'> <InPorts = 0> <OutPorts = 1> <Sync> <CReg>
ST_6 : Operation 79 [2/3] (1.05ns) (grouped into DSP with root node ret_V_2)   --->   "%mul_ln1245 = mul i24 %sext_ln1171, i24 %sext_ln1171_3"   --->   Operation 79 'mul' 'mul_ln1245' <Predicate = true> <Delay = 1.05> <CoreInst = "DSP48">   --->   Core 119 'DSP48' <Latency = 3> <II = 1> <Delay = 2.15> <IPBlock> <Opcode : 'mul' 'add' 'sub' 'select'> <InPorts = 0> <OutPorts = 1> <Sync> <CReg>

State 7 <SV = 6> <Delay = 2.32>
ST_7 : Operation 80 [1/4] (0.00ns) (root node of the DSP)   --->   "%mul_ln712 = mul i24 %sext_ln1171, i24 %sext_ln1171_1"   --->   Operation 80 'mul' 'mul_ln712' <Predicate = true> <Delay = 0.00> <CoreInst = "DSP48">   --->   Core 119 'DSP48' <Latency = 3> <II = 1> <Delay = 2.15> <IPBlock> <Opcode : 'mul' 'add' 'sub' 'select'> <InPorts = 0> <OutPorts = 1> <Sync> <CReg>
ST_7 : Operation 81 [1/3] (0.00ns) (grouped into DSP with root node ret_V)   --->   "%mul_ln1246 = mul i24 %sext_ln1171_2, i24 %sext_ln1171_3"   --->   Operation 81 'mul' 'mul_ln1246' <Predicate = true> <Delay = 0.00> <CoreInst = "DSP48">   --->   Core 119 'DSP48' <Latency = 3> <II = 1> <Delay = 2.15> <IPBlock> <Opcode : 'mul' 'add' 'sub' 'select'> <InPorts = 0> <OutPorts = 1> <Sync> <CReg>
ST_7 : Operation 82 [2/2] (2.10ns) (root node of the DSP)   --->   "%ret_V = sub i24 %mul_ln712, i24 %mul_ln1246"   --->   Operation 82 'sub' 'ret_V' <Predicate = true> <Delay = 2.10> <CoreInst = "DSP48">   --->   Core 119 'DSP48' <Latency = 3> <II = 1> <Delay = 2.15> <IPBlock> <Opcode : 'mul' 'add' 'sub' 'select'> <InPorts = 0> <OutPorts = 1> <Sync> <CReg>
ST_7 : Operation 83 [1/4] (0.00ns) (root node of the DSP)   --->   "%mul_ln712_1 = mul i24 %sext_ln1171_2, i24 %sext_ln1171_1"   --->   Operation 83 'mul' 'mul_ln712_1' <Predicate = true> <Delay = 0.00> <CoreInst = "DSP48">   --->   Core 119 'DSP48' <Latency = 3> <II = 1> <Delay = 2.15> <IPBlock> <Opcode : 'mul' 'add' 'sub' 'select'> <InPorts = 0> <OutPorts = 1> <Sync> <CReg>
ST_7 : Operation 84 [1/3] (0.00ns) (grouped into DSP with root node ret_V_2)   --->   "%mul_ln1245 = mul i24 %sext_ln1171, i24 %sext_ln1171_3"   --->   Operation 84 'mul' 'mul_ln1245' <Predicate = true> <Delay = 0.00> <CoreInst = "DSP48">   --->   Core 119 'DSP48' <Latency = 3> <II = 1> <Delay = 2.15> <IPBlock> <Opcode : 'mul' 'add' 'sub' 'select'> <InPorts = 0> <OutPorts = 1> <Sync> <CReg>
ST_7 : Operation 85 [2/2] (2.10ns) (root node of the DSP)   --->   "%ret_V_2 = add i24 %mul_ln712_1, i24 %mul_ln1245"   --->   Operation 85 'add' 'ret_V_2' <Predicate = true> <Delay = 2.10> <CoreInst = "DSP48">   --->   Core 119 'DSP48' <Latency = 3> <II = 1> <Delay = 2.15> <IPBlock> <Opcode : 'mul' 'add' 'sub' 'select'> <InPorts = 0> <OutPorts = 1> <Sync> <CReg>
ST_7 : Operation 86 [1/1] (0.00ns)   --->   "%zext_ln31 = zext i5 %Ulimit" [../vhls/fixed/fft.cpp:31]   --->   Operation 86 'zext' 'zext_ln31' <Predicate = true> <Delay = 0.00>
ST_7 : Operation 87 [1/1] (0.00ns)   --->   "%data_IN_M_real_0_0_0_addr_1 = getelementptr i16 %data_IN_M_real_0_0_0, i64 0, i64 %zext_ln31"   --->   Operation 87 'getelementptr' 'data_IN_M_real_0_0_0_addr_1' <Predicate = true> <Delay = 0.00>
ST_7 : Operation 88 [2/2] (2.32ns)   --->   "%p_r_M_real_V = load i5 %data_IN_M_real_0_0_0_addr_1"   --->   Operation 88 'load' 'p_r_M_real_V' <Predicate = true> <Delay = 2.32> <CoreInst = "RAM">   --->   Core 82 'RAM' <Latency = 1> <II = 1> <Delay = 2.32> <Storage> <Opcode : 'load' 'store'> <Ports = 2> <Width = 16> <Depth = 32> <RAM>
ST_7 : Operation 89 [1/1] (0.00ns)   --->   "%data_IN_M_imag_0_0_0_addr_1 = getelementptr i16 %data_IN_M_imag_0_0_0, i64 0, i64 %zext_ln31"   --->   Operation 89 'getelementptr' 'data_IN_M_imag_0_0_0_addr_1' <Predicate = true> <Delay = 0.00>
ST_7 : Operation 90 [2/2] (2.32ns)   --->   "%p_r_M_imag_V = load i5 %data_IN_M_imag_0_0_0_addr_1"   --->   Operation 90 'load' 'p_r_M_imag_V' <Predicate = true> <Delay = 2.32> <CoreInst = "RAM">   --->   Core 82 'RAM' <Latency = 1> <II = 1> <Delay = 2.32> <Storage> <Opcode : 'load' 'store'> <Ports = 2> <Width = 16> <Depth = 32> <RAM>
ST_7 : Operation 111 [1/1] (0.00ns)   --->   "%ret_ln0 = ret"   --->   Operation 111 'ret' 'ret_ln0' <Predicate = (icmp_ln26)> <Delay = 0.00>

State 8 <SV = 7> <Delay = 6.72>
ST_8 : Operation 91 [1/2] (2.10ns) (root node of the DSP)   --->   "%ret_V = sub i24 %mul_ln712, i24 %mul_ln1246"   --->   Operation 91 'sub' 'ret_V' <Predicate = true> <Delay = 2.10> <CoreInst = "DSP48">   --->   Core 119 'DSP48' <Latency = 3> <II = 1> <Delay = 2.15> <IPBlock> <Opcode : 'mul' 'add' 'sub' 'select'> <InPorts = 0> <OutPorts = 1> <Sync> <CReg>
ST_8 : Operation 92 [1/1] (0.00ns)   --->   "%p_r_V = partselect i16 @_ssdm_op_PartSelect.i16.i24.i32.i32, i24 %ret_V, i32 8, i32 23"   --->   Operation 92 'partselect' 'p_r_V' <Predicate = true> <Delay = 0.00>
ST_8 : Operation 93 [1/2] (2.10ns) (root node of the DSP)   --->   "%ret_V_2 = add i24 %mul_ln712_1, i24 %mul_ln1245"   --->   Operation 93 'add' 'ret_V_2' <Predicate = true> <Delay = 2.10> <CoreInst = "DSP48">   --->   Core 119 'DSP48' <Latency = 3> <II = 1> <Delay = 2.15> <IPBlock> <Opcode : 'mul' 'add' 'sub' 'select'> <InPorts = 0> <OutPorts = 1> <Sync> <CReg>
ST_8 : Operation 94 [1/1] (0.00ns)   --->   "%trunc_ln = partselect i16 @_ssdm_op_PartSelect.i16.i24.i32.i32, i24 %ret_V_2, i32 8, i32 23"   --->   Operation 94 'partselect' 'trunc_ln' <Predicate = true> <Delay = 0.00>
ST_8 : Operation 95 [1/2] (2.32ns)   --->   "%p_r_M_real_V = load i5 %data_IN_M_real_0_0_0_addr_1"   --->   Operation 95 'load' 'p_r_M_real_V' <Predicate = true> <Delay = 2.32> <CoreInst = "RAM">   --->   Core 82 'RAM' <Latency = 1> <II = 1> <Delay = 2.32> <Storage> <Opcode : 'load' 'store'> <Ports = 2> <Width = 16> <Depth = 32> <RAM>
ST_8 : Operation 96 [1/2] (2.32ns)   --->   "%p_r_M_imag_V = load i5 %data_IN_M_imag_0_0_0_addr_1"   --->   Operation 96 'load' 'p_r_M_imag_V' <Predicate = true> <Delay = 2.32> <CoreInst = "RAM">   --->   Core 82 'RAM' <Latency = 1> <II = 1> <Delay = 2.32> <Storage> <Opcode : 'load' 'store'> <Ports = 2> <Width = 16> <Depth = 32> <RAM>
ST_8 : Operation 97 [1/1] (2.07ns)   --->   "%p_r_M_real_V_3 = sub i16 %p_r_M_real_V, i16 %p_r_V"   --->   Operation 97 'sub' 'p_r_M_real_V_3' <Predicate = true> <Delay = 2.07> <CoreInst = "Adder">   --->   Core 1 'Adder' <Latency = 0> <II = 1> <Delay = 2.55> <FuncUnit> <Opcode : 'add' 'sub'> <InPorts = 2> <OutPorts = 1>
ST_8 : Operation 98 [1/1] (2.07ns)   --->   "%p_r_M_imag_V_3 = sub i16 %p_r_M_imag_V, i16 %trunc_ln"   --->   Operation 98 'sub' 'p_r_M_imag_V_3' <Predicate = true> <Delay = 2.07> <CoreInst = "Adder">   --->   Core 1 'Adder' <Latency = 0> <II = 1> <Delay = 2.55> <FuncUnit> <Opcode : 'add' 'sub'> <InPorts = 2> <OutPorts = 1>
ST_8 : Operation 99 [1/1] (0.00ns)   --->   "%data_OUT_M_real_0_0_0_addr = getelementptr i16 %data_OUT_M_real_0_0_0, i64 0, i64 %zext_ln30_1" [../vhls/fixed/fft.cpp:31]   --->   Operation 99 'getelementptr' 'data_OUT_M_real_0_0_0_addr' <Predicate = true> <Delay = 0.00>
ST_8 : Operation 100 [1/1] (2.32ns)   --->   "%store_ln31 = store i16 %p_r_M_real_V_3, i5 %data_OUT_M_real_0_0_0_addr" [../vhls/fixed/fft.cpp:31]   --->   Operation 100 'store' 'store_ln31' <Predicate = true> <Delay = 2.32> <CoreInst = "RAM">   --->   Core 82 'RAM' <Latency = 1> <II = 1> <Delay = 2.32> <Storage> <Opcode : 'load' 'store'> <Ports = 2> <Width = 16> <Depth = 32> <RAM>
ST_8 : Operation 101 [1/1] (0.00ns)   --->   "%data_OUT_M_imag_0_0_0_addr = getelementptr i16 %data_OUT_M_imag_0_0_0, i64 0, i64 %zext_ln30_1" [../vhls/fixed/fft.cpp:31]   --->   Operation 101 'getelementptr' 'data_OUT_M_imag_0_0_0_addr' <Predicate = true> <Delay = 0.00>
ST_8 : Operation 102 [1/1] (2.32ns)   --->   "%store_ln31 = store i16 %p_r_M_imag_V_3, i5 %data_OUT_M_imag_0_0_0_addr" [../vhls/fixed/fft.cpp:31]   --->   Operation 102 'store' 'store_ln31' <Predicate = true> <Delay = 2.32> <CoreInst = "RAM">   --->   Core 82 'RAM' <Latency = 1> <II = 1> <Delay = 2.32> <Storage> <Opcode : 'load' 'store'> <Ports = 2> <Width = 16> <Depth = 32> <RAM>
ST_8 : Operation 103 [1/1] (2.07ns)   --->   "%p_r_M_real_V_4 = add i16 %p_r_M_real_V, i16 %p_r_V"   --->   Operation 103 'add' 'p_r_M_real_V_4' <Predicate = true> <Delay = 2.07> <CoreInst = "Adder">   --->   Core 1 'Adder' <Latency = 0> <II = 1> <Delay = 2.55> <FuncUnit> <Opcode : 'add' 'sub'> <InPorts = 2> <OutPorts = 1>
ST_8 : Operation 104 [1/1] (2.07ns)   --->   "%p_r_M_imag_V_4 = add i16 %p_r_M_imag_V, i16 %trunc_ln"   --->   Operation 104 'add' 'p_r_M_imag_V_4' <Predicate = true> <Delay = 2.07> <CoreInst = "Adder">   --->   Core 1 'Adder' <Latency = 0> <II = 1> <Delay = 2.55> <FuncUnit> <Opcode : 'add' 'sub'> <InPorts = 2> <OutPorts = 1>

State 9 <SV = 8> <Delay = 2.32>
ST_9 : Operation 105 [1/1] (0.00ns)   --->   "%specloopname_ln25 = specloopname void @_ssdm_op_SpecLoopName, void @empty_6" [../vhls/fixed/fft.cpp:25]   --->   Operation 105 'specloopname' 'specloopname_ln25' <Predicate = true> <Delay = 0.00>
ST_9 : Operation 106 [1/1] (0.00ns)   --->   "%data_OUT_M_real_0_0_0_addr_1 = getelementptr i16 %data_OUT_M_real_0_0_0, i64 0, i64 %zext_ln31" [../vhls/fixed/fft.cpp:32]   --->   Operation 106 'getelementptr' 'data_OUT_M_real_0_0_0_addr_1' <Predicate = true> <Delay = 0.00>
ST_9 : Operation 107 [1/1] (2.32ns)   --->   "%store_ln32 = store i16 %p_r_M_real_V_4, i5 %data_OUT_M_real_0_0_0_addr_1" [../vhls/fixed/fft.cpp:32]   --->   Operation 107 'store' 'store_ln32' <Predicate = true> <Delay = 2.32> <CoreInst = "RAM">   --->   Core 82 'RAM' <Latency = 1> <II = 1> <Delay = 2.32> <Storage> <Opcode : 'load' 'store'> <Ports = 2> <Width = 16> <Depth = 32> <RAM>
ST_9 : Operation 108 [1/1] (0.00ns)   --->   "%data_OUT_M_imag_0_0_0_addr_1 = getelementptr i16 %data_OUT_M_imag_0_0_0, i64 0, i64 %zext_ln31" [../vhls/fixed/fft.cpp:32]   --->   Operation 108 'getelementptr' 'data_OUT_M_imag_0_0_0_addr_1' <Predicate = true> <Delay = 0.00>
ST_9 : Operation 109 [1/1] (2.32ns)   --->   "%store_ln32 = store i16 %p_r_M_imag_V_4, i5 %data_OUT_M_imag_0_0_0_addr_1" [../vhls/fixed/fft.cpp:32]   --->   Operation 109 'store' 'store_ln32' <Predicate = true> <Delay = 2.32> <CoreInst = "RAM">   --->   Core 82 'RAM' <Latency = 1> <II = 1> <Delay = 2.32> <Storage> <Opcode : 'load' 'store'> <Ports = 2> <Width = 16> <Depth = 32> <RAM>
ST_9 : Operation 110 [1/1] (0.00ns)   --->   "%br_ln0 = br void %_ZN13ap_fixed_baseILi16ELi8ELb1EL9ap_q_mode5EL9ap_o_mode3ELi0EEmIILi16ELi8ELb1ELS0_5ELS1_3ELi0EEERS2_RKS_IXT_EXT0_EXT1_EXT2_EXT3_EXT4_EE.exit.i.i"   --->   Operation 110 'br' 'br_ln0' <Predicate = true> <Delay = 0.00>


============================================================
+ Verbose Summary: Timing violations
============================================================
Target clock period: 10ns, clock uncertainty: 2.7ns.

 <State 1>: 1.59ns
The critical path consists of the following:
	'alloca' operation ('i') [14]  (0 ns)
	'store' operation ('store_ln0') of constant 0 on local variable 'i' [25]  (1.59 ns)

 <State 2>: 4.99ns
The critical path consists of the following:
	'load' operation ('butterfly_span_load') on local variable 'butterfly_span' [37]  (0 ns)
	'shl' operation ('index', ../vhls/fixed/fft.cpp:27) [42]  (2.67 ns)
	'getelementptr' operation ('__x._M_real.V', ../vhls/fixed/fft.cpp:30) [47]  (0 ns)
	'load' operation ('r.V') on array 'W_M_real_V' [50]  (2.32 ns)

 <State 3>: 6.77ns
The critical path consists of the following:
	'load' operation ('butterfly_pass_load') on local variable 'butterfly_pass' [38]  (0 ns)
	'shl' operation ('shl_ln28', ../vhls/fixed/fft.cpp:28) [43]  (0 ns)
	'add' operation ('Ulimit', ../vhls/fixed/fft.cpp:28) [44]  (2.67 ns)
	'add' operation ('Llimit', ../vhls/fixed/fft.cpp:29) [45]  (1.78 ns)
	'getelementptr' operation ('data_IN_M_real_0_0_0_addr') [52]  (0 ns)
	'load' operation ('data_IN_M_real_0_0_0_load') on array 'data_IN_M_real_0_0_0' [53]  (2.32 ns)

 <State 4>: 4.47ns
The critical path consists of the following:
	'load' operation ('data_IN_M_real_0_0_0_load') on array 'data_IN_M_real_0_0_0' [53]  (2.32 ns)
	'mul' operation of DSP[60] ('mul_ln712') [60]  (2.15 ns)

 <State 5>: 3.37ns
The critical path consists of the following:
	'load' operation ('r.V') on array 'W_M_imag_V' [51]  (2.32 ns)
	'mul' operation of DSP[62] ('mul_ln1246') [61]  (1.05 ns)

 <State 6>: 2.15ns
The critical path consists of the following:
	'mul' operation of DSP[60] ('mul_ln712') [60]  (2.15 ns)

 <State 7>: 2.32ns
The critical path consists of the following:
	'getelementptr' operation ('data_IN_M_real_0_0_0_addr_1') [69]  (0 ns)
	'load' operation ('__r._M_real.V') on array 'data_IN_M_real_0_0_0' [70]  (2.32 ns)

 <State 8>: 6.72ns
The critical path consists of the following:
	'load' operation ('__r._M_real.V') on array 'data_IN_M_real_0_0_0' [70]  (2.32 ns)
	'sub' operation ('__r._M_real.V') [73]  (2.08 ns)
	'store' operation ('store_ln31', ../vhls/fixed/fft.cpp:31) of variable '__r._M_real.V' on array 'data_OUT_M_real_0_0_0' [76]  (2.32 ns)

 <State 9>: 2.32ns
The critical path consists of the following:
	'getelementptr' operation ('data_OUT_M_real_0_0_0_addr_1', ../vhls/fixed/fft.cpp:32) [81]  (0 ns)
	'store' operation ('store_ln32', ../vhls/fixed/fft.cpp:32) of variable '__r._M_real.V' on array 'data_OUT_M_real_0_0_0' [82]  (2.32 ns)


============================================================
+ Verbose Summary: Binding
============================================================
N/A
* FSMD analyzer results:
  - Output states:
 - Input state : 
  - Chain level:
	State 1
	State 2
	State 3
	State 4
	State 5
	State 6
	State 7
	State 8
	State 9


============================================================
+ Verbose Summary: Datapath Resource usage 
============================================================
N/A
